# JRE version: OpenJDK Runtime Environment Temurin-19.0.2+7 (19.0.2+7) (build 19.0.2+7)
# Java VM: OpenJDK 64-Bit Server VM Temurin-19.0.2+7 (19.0.2+7, mixed mode, sharing, tiered, compressed oops, compressed class ptrs, g1 gc, windows-amd64)
GC Precious Log:
 CardTable entry size: 512
 Card Set container configuration: InlinePtr #cards 5 size 8 Array Of Cards #cards 12 size 40 Howl #buckets 4 coarsen threshold 1843 Howl Bitmap #cards 512 size 80 coarsen threshold 460 Card regions per heap region 1 cards per card region 2048
 CPUs: 4 total, 4 available
 Memory: 3521M
 Large Page Support: Disabled
 NUMA Support: Disabled
 Compressed Oops: Enabled (32-bit)
 Heap Region Size: 1M
 Heap Min Capacity: 8M
 Heap Initial Capacity: 56M
 Heap Max Capacity: 1G
 Pre-touch: Disabled
 Parallel Workers: 4
 Concurrent Workers: 1
 Concurrent Refinement Workers: 4
 Periodic GC: Disabled
 String Deduplication is enabled
Heap:
 garbage-first heap   total 281600K, used 88116K [0x00000000c0000000, 0x0000000100000000)
  region size 1024K, 1 young (1024K), 1 survivors (1024K)
 Metaspace       used 20256K, committed 20992K, reserved 1114112K
  class space    used 2084K, committed 2432K, reserved 1048576K
GC Heap History (20 events):
Event: 1768.742 GC heap after
{Heap after GC invocations=102 (full 0):
 garbage-first heap   total 233472K, used 87046K [0x00000000c0000000, 0x0000000100000000)
  region size 1024K, 2 young (2048K), 2 survivors (2048K)
 Metaspace       used 20220K, committed 20928K, reserved 1114112K
  class space    used 2084K, committed 2432K, reserved 1048576K
}
Event: 1774.017 GC heap before
{Heap before GC invocations=102 (full 0):
 garbage-first heap   total 233472K, used 101382K [0x00000000c0000000, 0x0000000100000000)
  region size 1024K, 18 young (18432K), 2 survivors (2048K)
 Metaspace       used 20220K, committed 20928K, reserved 1114112K
  class space    used 2084K, committed 2432K, reserved 1048576K
}
Event: 1774.046 GC heap after
{Heap after GC invocations=103 (full 0):
 garbage-first heap   total 233472K, used 88187K [0x00000000c0000000, 0x0000000100000000)
  region size 1024K, 3 young (3072K), 3 survivors (3072K)
 Metaspace       used 20220K, committed 20928K, reserved 1114112K
  class space    used 2084K, committed 2432K, reserved 1048576K
}
Event: 1780.860 GC heap before
{Heap before GC invocations=104 (full 0):
 garbage-first heap   total 233472K, used 163963K [0x00000000c0000000, 0x0000000100000000)
  region size 1024K, 38 young (38912K), 3 survivors (3072K)
 Metaspace       used 20249K, committed 20992K, reserved 1114112K
  class space    used 2084K, committed 2432K, reserved 1048576K
}
Event: 1781.166 GC heap after
{Heap after GC invocations=105 (full 0):
 garbage-first heap   total 233472K, used 109884K [0x00000000c0000000, 0x0000000100000000)
  region size 1024K, 5 young (5120K), 5 survivors (5120K)
 Metaspace       used 20249K, committed 20992K, reserved 1114112K
  class space    used 2084K, committed 2432K, reserved 1048576K
}
Event: 1781.266 GC heap before
{Heap before GC invocations=105 (full 0):
 garbage-first heap   total 233472K, used 116028K [0x00000000c0000000, 0x0000000100000000)
  region size 1024K, 11 young (11264K), 5 survivors (5120K)
 Metaspace       used 20249K, committed 20992K, reserved 1114112K
  class space    used 2084K, committed 2432K, reserved 1048576K
}
Event: 1781.574 GC heap after
{Heap after GC invocations=106 (full 0):
 garbage-first heap   total 233472K, used 110910K [0x00000000c0000000, 0x0000000100000000)
  region size 1024K, 2 young (2048K), 2 survivors (2048K)
 Metaspace       used 20249K, committed 20992K, reserved 1114112K
  class space    used 2084K, committed 2432K, reserved 1048576K
}
Event: 1781.740 GC heap before
{Heap before GC invocations=106 (full 0):
 garbage-first heap   total 233472K, used 115006K [0x00000000c0000000, 0x0000000100000000)
  region size 1024K, 7 young (7168K), 2 survivors (2048K)
 Metaspace       used 20249K, committed 20992K, reserved 1114112K
  class space    used 2084K, committed 2432K, reserved 1048576K
}
Event: 1781.754 GC heap after
{Heap after GC invocations=107 (full 0):
 garbage-first heap   total 233472K, used 110589K [0x00000000c0000000, 0x0000000100000000)
  region size 1024K, 1 young (1024K), 1 survivors (1024K)
 Metaspace       used 20249K, committed 20992K, reserved 1114112K
  class space    used 2084K, committed 2432K, reserved 1048576K
}
Event: 1788.934 GC heap before
{Heap before GC invocations=108 (full 0):
 garbage-first heap   total 242688K, used 198653K [0x00000000c0000000, 0x0000000100000000)
  region size 1024K, 30 young (30720K), 1 survivors (1024K)
 Metaspace       used 20254K, committed 20992K, reserved 1114112K
  class space    used 2084K, committed 2432K, reserved 1048576K
}
Event: 1788.948 GC heap after
{Heap after GC invocations=109 (full 0):
 garbage-first heap   total 242688K, used 127828K [0x00000000c0000000, 0x0000000100000000)
  region size 1024K, 2 young (2048K), 2 survivors (2048K)
 Metaspace       used 20254K, committed 20992K, reserved 1114112K
  class space    used 2084K, committed 2432K, reserved 1048576K
}
Event: 1792.098 GC heap before
{Heap before GC invocations=109 (full 0):
 garbage-first heap   total 242688K, used 137044K [0x00000000c0000000, 0x0000000100000000)
  region size 1024K, 11 young (11264K), 2 survivors (2048K)
 Metaspace       used 20254K, committed 20992K, reserved 1114112K
  class space    used 2084K, committed 2432K, reserved 1048576K
}
Event: 1792.117 GC heap after
{Heap after GC invocations=110 (full 0):
 garbage-first heap   total 242688K, used 127960K [0x00000000c0000000, 0x0000000100000000)
  region size 1024K, 2 young (2048K), 2 survivors (2048K)
 Metaspace       used 20254K, committed 20992K, reserved 1114112K
  class space    used 2084K, committed 2432K, reserved 1048576K
}
Event: 1803.142 GC heap before
{Heap before GC invocations=110 (full 0):
 garbage-first heap   total 242688K, used 161752K [0x00000000c0000000, 0x0000000100000000)
  region size 1024K, 37 young (37888K), 2 survivors (2048K)
 Metaspace       used 20254K, committed 20992K, reserved 1114112K
  class space    used 2084K, committed 2432K, reserved 1048576K
}
Event: 1803.171 GC heap after
{Heap after GC invocations=111 (full 0):
 garbage-first heap   total 242688K, used 128870K [0x00000000c0000000, 0x0000000100000000)
  region size 1024K, 3 young (3072K), 3 survivors (3072K)
 Metaspace       used 20254K, committed 20992K, reserved 1114112K
  class space    used 2084K, committed 2432K, reserved 1048576K
}
Event: 1830.992 GC heap before
{Heap before GC invocations=112 (full 0):
 garbage-first heap   total 242688K, used 172902K [0x00000000c0000000, 0x0000000100000000)
  region size 1024K, 74 young (75776K), 3 survivors (3072K)
 Metaspace       used 20256K, committed 20992K, reserved 1114112K
  class space    used 2084K, committed 2432K, reserved 1048576K
}
Event: 1831.207 GC heap after
{Heap after GC invocations=113 (full 0):
 garbage-first heap   total 242688K, used 97473K [0x00000000c0000000, 0x0000000100000000)
  region size 1024K, 5 young (5120K), 5 survivors (5120K)
 Metaspace       used 20256K, committed 20992K, reserved 1114112K
  class space    used 2084K, committed 2432K, reserved 1048576K
}
Event: 1840.275 GC heap before
{Heap before GC invocations=113 (full 0):
 garbage-first heap   total 242688K, used 103617K [0x00000000c0000000, 0x0000000100000000)
  region size 1024K, 11 young (11264K), 5 survivors (5120K)
 Metaspace       used 20256K, committed 20992K, reserved 1114112K
  class space    used 2084K, committed 2432K, reserved 1048576K
}
Event: 1841.214 GC heap after
{Heap after GC invocations=114 (full 0):
 garbage-first heap   total 242688K, used 90987K [0x00000000c0000000, 0x0000000100000000)
  region size 1024K, 1 young (1024K), 1 survivors (1024K)
 Metaspace       used 20256K, committed 20992K, reserved 1114112K
  class space    used 2084K, committed 2432K, reserved 1048576K
}
Event: 1847.746 GC heap before
{Heap before GC invocations=114 (full 0):
 garbage-first heap   total 242688K, used 101227K [0x00000000c0000000, 0x0000000100000000)
  region size 1024K, 11 young (11264K), 1 survivors (1024K)
 Metaspace       used 20256K, committed 20992K, reserved 1114112K
  class space    used 2084K, committed 2432K, reserved 1048576K
}

